# JRE version: Java(TM) SE Runtime Environment (7.0_45-b18) (build 1.7.0_45-b18)
# Java VM: Java HotSpot(TM) 64-Bit Server VM (24.45-b08 mixed mode windows-amd64 compressed oops)
Heap
 PSYoungGen      total 57344K, used 21259K [0x00000007c0080000, 0x00000007c4080000, 0x0000000800000000)
  eden space 49152K, 34% used [0x00000007c0080000,0x00000007c1146fe0,0x00000007c3080000)
  from space 8192K, 49% used [0x00000007c3880000,0x00000007c3c7c010,0x00000007c4080000)
  to   space 8192K, 0% used [0x00000007c3080000,0x00000007c3080000,0x00000007c3880000)
 ParOldGen       total 130560K, used 16K [0x0000000740200000, 0x0000000748180000, 0x00000007c0080000)
  object space 130560K, 0% used [0x0000000740200000,0x0000000740204000,0x0000000748180000)
 PSPermGen       total 21504K, used 10679K [0x000000073b000000, 0x000000073c500000, 0x0000000740200000)
  object space 21504K, 49% used [0x000000073b000000,0x000000073ba6df80,0x000000073c500000)
GC Heap History (4 events):
Event: 9.193 GC heap before
{Heap before GC invocations=1 (full 0):
 PSYoungGen      total 57344K, used 49152K [0x00000007c0080000, 0x00000007c4080000, 0x0000000800000000)
  eden space 49152K, 100% used [0x00000007c0080000,0x00000007c3080000,0x00000007c3080000)
  from space 8192K, 0% used [0x00000007c3880000,0x00000007c3880000,0x00000007c4080000)
  to   space 8192K, 0% used [0x00000007c3080000,0x00000007c3080000,0x00000007c3880000)
 ParOldGen       total 130560K, used 0K [0x0000000740200000, 0x0000000748180000, 0x00000007c0080000)
  object space 130560K, 0% used [0x0000000740200000,0x0000000740200000,0x0000000748180000)
 PSPermGen       total 21504K, used 10600K [0x000000073b000000, 0x000000073c500000, 0x0000000740200000)
  object space 21504K, 49% used [0x000000073b000000,0x000000073ba5a238,0x000000073c500000)
Event: 9.199 GC heap after
Heap after GC invocations=1 (full 0):
 PSYoungGen      total 57344K, used 1744K [0x00000007c0080000, 0x00000007c4080000, 0x0000000800000000)
  eden space 49152K, 0% used [0x00000007c0080000,0x00000007c0080000,0x00000007c3080000)
  from space 8192K, 21% used [0x00000007c3080000,0x00000007c3234010,0x00000007c3880000)
  to   space 8192K, 0% used [0x00000007c3880000,0x00000007c3880000,0x00000007c4080000)
 ParOldGen       total 130560K, used 8K [0x0000000740200000, 0x0000000748180000, 0x00000007c0080000)
  object space 130560K, 0% used [0x0000000740200000,0x0000000740202000,0x0000000748180000)
 PSPermGen       total 21504K, used 10600K [0x000000073b000000, 0x000000073c500000, 0x0000000740200000)
  object space 21504K, 49% used [0x000000073b000000,0x000000073ba5a238,0x000000073c500000)
}
Event: 50.833 GC heap before
{Heap before GC invocations=2 (full 0):
 PSYoungGen      total 57344K, used 50896K [0x00000007c0080000, 0x00000007c4080000, 0x0000000800000000)
  eden space 49152K, 100% used [0x00000007c0080000,0x00000007c3080000,0x00000007c3080000)
  from space 8192K, 21% used [0x00000007c3080000,0x00000007c3234010,0x00000007c3880000)
  to   space 8192K, 0% used [0x00000007c3880000,0x00000007c3880000,0x00000007c4080000)
 ParOldGen       total 130560K, used 8K [0x0000000740200000, 0x0000000748180000, 0x00000007c0080000)
  object space 130560K, 0% used [0x0000000740200000,0x0000000740202000,0x0000000748180000)
 PSPermGen       total 21504K, used 10674K [0x000000073b000000, 0x000000073c500000, 0x0000000740200000)
  object space 21504K, 49% used [0x000000073b000000,0x000000073ba6c980,0x000000073c500000)
Event: 50.844 GC heap after
Heap after GC invocations=2 (full 0):
 PSYoungGen      total 57344K, used 4080K [0x00000007c0080000, 0x00000007c4080000, 0x0000000800000000)
  eden space 49152K, 0% used [0x00000007c0080000,0x00000007c0080000,0x00000007c3080000)
  from space 8192K, 49% used [0x00000007c3880000,0x00000007c3c7c010,0x00000007c4080000)
  to   space 8192K, 0% used [0x00000007c3080000,0x00000007c3080000,0x00000007c3880000)
 ParOldGen       total 130560K, used 16K [0x0000000740200000, 0x0000000748180000, 0x00000007c0080000)
  object space 130560K, 0% used [0x0000000740200000,0x0000000740204000,0x0000000748180000)
 PSPermGen       total 21504K, used 10674K [0x000000073b000000, 0x000000073c500000, 0x0000000740200000)
  object space 21504K, 49% used [0x000000073b000000,0x000000073ba6c980,0x000000073c500000)
}

